-------------------------------------------------------------------------------
Test set: com.wslint.wisdomreport.service.workflow.impl.WorkflowRecordServiceImplTest
-------------------------------------------------------------------------------
Tests run: 1, Failures: 0, Errors: 1, Skipped: 0, Time elapsed: 0.303 s <<< FAILURE! - in com.wslint.wisdomreport.service.workflow.impl.WorkflowRecordServiceImplTest
doWorkflow(com.wslint.wisdomreport.service.workflow.impl.WorkflowRecordServiceImplTest)  Time elapsed: 0.275 s  <<< ERROR!
org.springframework.jdbc.BadSqlGrammarException: 

### Error updating database.  Cause: com.mysql.jdbc.exceptions.jdbc4.MySQLSyntaxErrorException: You have an error in your SQL syntax; check the manual that corresponds to your MySQL server version for the right syntax to use near 'update data_record set  data = '102_old_data', status = 1, next_operator = null,' at line 1
### The error may involve com.wslint.wisdomreport.dao.data.DataRecordDao.batchUpdateRecordData-Inline
### The error occurred while setting parameters
### SQL: update data_record set  data = ?, status = ?, next_operator = ?,  modify_user = ?, gmt_modified = ?  where id = ?  ;  update data_record set  data = ?, status = ?, next_operator = ?,  modify_user = ?, gmt_modified = ?  where id = ?  ;  update data_record set  data = ?, status = ?, next_operator = ?,  modify_user = ?, gmt_modified = ?  where id = ?  ;  update data_record set  data = ?, status = ?, next_operator = ?,  modify_user = ?, gmt_modified = ?  where id = ?  ;  update data_record set  data = ?, status = ?, next_operator = ?,  modify_user = ?, gmt_modified = ?  where id = ?  ;  update data_record set  data = ?, status = ?, next_operator = ?,  modify_user = ?, gmt_modified = ?  where id = ?  ;  update data_record set  data = ?, status = ?, next_operator = ?,  modify_user = ?, gmt_modified = ?  where id = ?  ;  update data_record set  data = ?, status = ?, next_operator = ?,  modify_user = ?, gmt_modified = ?  where id = ?  ;  update data_record set  data = ?, status = ?, next_operator = ?,  modify_user = ?, gmt_modified = ?  where id = ?  ;  update data_record set  data = ?, status = ?, next_operator = ?,  modify_user = ?, gmt_modified = ?  where id = ?  ;  update data_record set  data = ?, status = ?, next_operator = ?,  modify_user = ?, gmt_modified = ?  where id = ?  ;  update data_record set  data = ?, status = ?, next_operator = ?,  modify_user = ?, gmt_modified = ?  where id = ?  ;  update data_record set  data = ?, status = ?, next_operator = ?,  modify_user = ?, gmt_modified = ?  where id = ?  ;  update data_record set  data = ?, status = ?, next_operator = ?,  modify_user = ?, gmt_modified = ?  where id = ?  ;  update data_record set  data = ?, status = ?, next_operator = ?,  modify_user = ?, gmt_modified = ?  where id = ?  ;  update data_record set  data = ?, status = ?, next_operator = ?,  modify_user = ?, gmt_modified = ?  where id = ?  ;  update data_record set  data = ?, status = ?, next_operator = ?,  modify_user = ?, gmt_modified = ?  where id = ?  ;  update data_record set  data = ?, status = ?, next_operator = ?,  modify_user = ?, gmt_modified = ?  where id = ?  ;  update data_record set  data = ?, status = ?, next_operator = ?,  modify_user = ?, gmt_modified = ?  where id = ?  ;  update data_record set  data = ?, status = ?, next_operator = ?,  modify_user = ?, gmt_modified = ?  where id = ?
### Cause: com.mysql.jdbc.exceptions.jdbc4.MySQLSyntaxErrorException: You have an error in your SQL syntax; check the manual that corresponds to your MySQL server version for the right syntax to use near 'update data_record set  data = '102_old_data', status = 1, next_operator = null,' at line 1
; bad SQL grammar []; nested exception is com.mysql.jdbc.exceptions.jdbc4.MySQLSyntaxErrorException: You have an error in your SQL syntax; check the manual that corresponds to your MySQL server version for the right syntax to use near 'update data_record set  data = '102_old_data', status = 1, next_operator = null,' at line 1
	at com.wslint.wisdomreport.service.workflow.impl.WorkflowRecordServiceImplTest.doWorkflow(WorkflowRecordServiceImplTest.java:57)
Caused by: com.mysql.jdbc.exceptions.jdbc4.MySQLSyntaxErrorException: You have an error in your SQL syntax; check the manual that corresponds to your MySQL server version for the right syntax to use near 'update data_record set  data = '102_old_data', status = 1, next_operator = null,' at line 1
	at com.wslint.wisdomreport.service.workflow.impl.WorkflowRecordServiceImplTest.doWorkflow(WorkflowRecordServiceImplTest.java:57)

