<?xml version="1.0" encoding="UTF-8"?>
<testsuite xmlns:xsi="http://www.w3.org/2001/XMLSchema-instance" xsi:noNamespaceSchemaLocation="https://maven.apache.org/surefire/maven-surefire-plugin/xsd/surefire-test-report.xsd" name="com.wslint.wisdomreport.dao.RoleDaoTest" time="0.046" tests="2" errors="0" skipped="0" failures="0">
  <properties>
[...]
</properties>
  <testcase name="addRolePermissions" classname="com.wslint.wisdomreport.dao.RoleDaoTest" time="0.02"/>
  <testcase name="deleteRolePermissions" classname="com.wslint.wisdomreport.dao.RoleDaoTest" time="0.018"/>
</testsuite>