<?xml version="1.0" encoding="UTF-8"?>
<testsuite xmlns:xsi="http://www.w3.org/2001/XMLSchema-instance" xsi:noNamespaceSchemaLocation="https://maven.apache.org/surefire/maven-surefire-plugin/xsd/surefire-test-report.xsd" name="com.wslint.wisdomreport.service.workflow.impl.WorkflowRecordServiceImplTest" time="0.303" tests="1" errors="1" skipped="0" failures="0">
  <properties>
[...]
</properties>
  <testcase name="doWorkflow" classname="com.wslint.wisdomreport.service.workflow.impl.WorkflowRecordServiceImplTest" time="0.275">
    <error message="&#10;### Error updating database.  Cause: com.mysql.jdbc.exceptions.jdbc4.MySQLSyntaxErrorException: You have an error in your SQL syntax; check the manual that corresponds to your MySQL server version for the right syntax to use near &apos;update data_record set  data = &apos;102_old_data&apos;, status = 1, next_operator = null,&apos; at line 1&#10;### The error may involve com.wslint.wisdomreport.dao.data.DataRecordDao.batchUpdateRecordData-Inline&#10;### The error occurred while setting parameters&#10;### SQL: update data_record set  data = ?, status = ?, next_operator = ?,  modify_user = ?, gmt_modified = ?  where id = ?  ;  update data_record set  data = ?, status = ?, next_operator = ?,  modify_user = ?, gmt_modified = ?  where id = ?  ;  update data_record set  data = ?, status = ?, next_operator = ?,  modify_user = ?, gmt_modified = ?  where id = ?  ;  update data_record set  data = ?, status = ?, next_operator = ?,  modify_user = ?, gmt_modified = ?  where id = ?  ;  update data_record set  data = ?, status = ?, next_operator = ?,  modify_user = ?, gmt_modified = ?  where id = ?  ;  update data_record set  data = ?, status = ?, next_operator = ?,  modify_user = ?, gmt_modified = ?  where id = ?  ;  update data_record set  data = ?, status = ?, next_operator = ?,  modify_user = ?, gmt_modified = ?  where id = ?  ;  update data_record set  data = ?, status = ?, next_operator = ?,  modify_user = ?, gmt_modified = ?  where id = ?  ;  update data_record set  data = ?, status = ?, next_operator = ?,  modify_user = ?, gmt_modified = ?  where id = ?  ;  update data_record set  data = ?, status = ?, next_operator = ?,  modify_user = ?, gmt_modified = ?  where id = ?  ;  update data_record set  data = ?, status = ?, next_operator = ?,  modify_user = ?, gmt_modified = ?  where id = ?  ;  update data_record set  data = ?, status = ?, next_operator = ?,  modify_user = ?, gmt_modified = ?  where id = ?  ;  update data_record set  data = ?, status = ?, next_operator = ?,  modify_user = ?, gmt_modified = ?  where id = ?  ;  update data_record set  data = ?, status = ?, next_operator = ?,  modify_user = ?, gmt_modified = ?  where id = ?  ;  update data_record set  data = ?, status = ?, next_operator = ?,  modify_user = ?, gmt_modified = ?  where id = ?  ;  update data_record set  data = ?, status = ?, next_operator = ?,  modify_user = ?, gmt_modified = ?  where id = ?  ;  update data_record set  data = ?, status = ?, next_operator = ?,  modify_user = ?, gmt_modified = ?  where id = ?  ;  update data_record set  data = ?, status = ?, next_operator = ?,  modify_user = ?, gmt_modified = ?  where id = ?  ;  update data_record set  data = ?, status = ?, next_operator = ?,  modify_user = ?, gmt_modified = ?  where id = ?  ;  update data_record set  data = ?, status = ?, next_operator = ?,  modify_user = ?, gmt_modified = ?  where id = ?&#10;### Cause: com.mysql.jdbc.exceptions.jdbc4.MySQLSyntaxErrorException: You have an error in your SQL syntax; check the manual that corresponds to your MySQL server version for the right syntax to use near &apos;update data_record set  data = &apos;102_old_data&apos;, status = 1, next_operator = null,&apos; at line 1&#10;; bad SQL grammar []; nested exception is com.mysql.jdbc.exceptions.jdbc4.MySQLSyntaxErrorException: You have an error in your SQL syntax; check the manual that corresponds to your MySQL server version for the right syntax to use near &apos;update data_record set  data = &apos;102_old_data&apos;, status = 1, next_operator = null,&apos; at line 1" type="org.springframework.jdbc.BadSqlGrammarException">org.springframework.jdbc.BadSqlGrammarException: 

### Error updating database.  Cause: com.mysql.jdbc.exceptions.jdbc4.MySQLSyntaxErrorException: You have an error in your SQL syntax; check the manual that corresponds to your MySQL server version for the right syntax to use near 'update data_record set  data = '102_old_data', status = 1, next_operator = null,' at line 1
### The error may involve com.wslint.wisdomreport.dao.data.DataRecordDao.batchUpdateRecordData-Inline
### The error occurred while setting parameters
### SQL: update data_record set  data = ?, status = ?, next_operator = ?,  modify_user = ?, gmt_modified = ?  where id = ?  ;  update data_record set  data = ?, status = ?, next_operator = ?,  modify_user = ?, gmt_modified = ?  where id = ?  ;  update data_record set  data = ?, status = ?, next_operator = ?,  modify_user = ?, gmt_modified = ?  where id = ?  ;  update data_record set  data = ?, status = ?, next_operator = ?,  modify_user = ?, gmt_modified = ?  where id = ?  ;  update data_record set  data = ?, status = ?, next_operator = ?,  modify_user = ?, gmt_modified = ?  where id = ?  ;  update data_record set  data = ?, status = ?, next_operator = ?,  modify_user = ?, gmt_modified = ?  where id = ?  ;  update data_record set  data = ?, status = ?, next_operator = ?,  modify_user = ?, gmt_modified = ?  where id = ?  ;  update data_record set  data = ?, status = ?, next_operator = ?,  modify_user = ?, gmt_modified = ?  where id = ?  ;  update data_record set  data = ?, status = ?, next_operator = ?,  modify_user = ?, gmt_modified = ?  where id = ?  ;  update data_record set  data = ?, status = ?, next_operator = ?,  modify_user = ?, gmt_modified = ?  where id = ?  ;  update data_record set  data = ?, status = ?, next_operator = ?,  modify_user = ?, gmt_modified = ?  where id = ?  ;  update data_record set  data = ?, status = ?, next_operator = ?,  modify_user = ?, gmt_modified = ?  where id = ?  ;  update data_record set  data = ?, status = ?, next_operator = ?,  modify_user = ?, gmt_modified = ?  where id = ?  ;  update data_record set  data = ?, status = ?, next_operator = ?,  modify_user = ?, gmt_modified = ?  where id = ?  ;  update data_record set  data = ?, status = ?, next_operator = ?,  modify_user = ?, gmt_modified = ?  where id = ?  ;  update data_record set  data = ?, status = ?, next_operator = ?,  modify_user = ?, gmt_modified = ?  where id = ?  ;  update data_record set  data = ?, status = ?, next_operator = ?,  modify_user = ?, gmt_modified = ?  where id = ?  ;  update data_record set  data = ?, status = ?, next_operator = ?,  modify_user = ?, gmt_modified = ?  where id = ?  ;  update data_record set  data = ?, status = ?, next_operator = ?,  modify_user = ?, gmt_modified = ?  where id = ?  ;  update data_record set  data = ?, status = ?, next_operator = ?,  modify_user = ?, gmt_modified = ?  where id = ?
### Cause: com.mysql.jdbc.exceptions.jdbc4.MySQLSyntaxErrorException: You have an error in your SQL syntax; check the manual that corresponds to your MySQL server version for the right syntax to use near 'update data_record set  data = '102_old_data', status = 1, next_operator = null,' at line 1
; bad SQL grammar []; nested exception is com.mysql.jdbc.exceptions.jdbc4.MySQLSyntaxErrorException: You have an error in your SQL syntax; check the manual that corresponds to your MySQL server version for the right syntax to use near 'update data_record set  data = '102_old_data', status = 1, next_operator = null,' at line 1
	at com.wslint.wisdomreport.service.workflow.impl.WorkflowRecordServiceImplTest.doWorkflow(WorkflowRecordServiceImplTest.java:57)
Caused by: com.mysql.jdbc.exceptions.jdbc4.MySQLSyntaxErrorException: You have an error in your SQL syntax; check the manual that corresponds to your MySQL server version for the right syntax to use near 'update data_record set  data = '102_old_data', status = 1, next_operator = null,' at line 1
	at com.wslint.wisdomreport.service.workflow.impl.WorkflowRecordServiceImplTest.doWorkflow(WorkflowRecordServiceImplTest.java:57)
</error>
    <system-out><![CDATA[2018-11-20 18:09:23.348  INFO 39232 --- [           main] .b.t.c.SpringBootTestContextBootstrapper : Neither @ContextConfiguration nor @ContextHierarchy found for test class [com.wslint.wisdomreport.service.workflow.impl.WorkflowRecordServiceImplTest], using SpringBootContextLoader
2018-11-20 18:09:23.349  INFO 39232 --- [           main] o.s.t.c.support.AbstractContextLoader    : Could not detect default resource locations for test class [com.wslint.wisdomreport.service.workflow.impl.WorkflowRecordServiceImplTest]: no resource found for suffixes {-context.xml, Context.groovy}.
2018-11-20 18:09:23.349  INFO 39232 --- [           main] t.c.s.AnnotationConfigContextLoaderUtils : Could not detect default configuration classes for test class [com.wslint.wisdomreport.service.workflow.impl.WorkflowRecordServiceImplTest]: WorkflowRecordServiceImplTest does not declare any static, non-private, non-final, nested classes annotated with @Configuration.
2018-11-20 18:09:23.365  INFO 39232 --- [           main] .b.t.c.SpringBootTestContextBootstrapper : Found @SpringBootConfiguration com.wslint.wisdomreport.WisdomReportApplication for test class com.wslint.wisdomreport.service.workflow.impl.WorkflowRecordServiceImplTest
2018-11-20 18:09:23.366  INFO 39232 --- [           main] .b.t.c.SpringBootTestContextBootstrapper : Loaded default TestExecutionListener class names from location [META-INF/spring.factories]: [org.springframework.boot.test.mock.mockito.MockitoTestExecutionListener, org.springframework.boot.test.mock.mockito.ResetMocksTestExecutionListener, org.springframework.boot.test.autoconfigure.restdocs.RestDocsTestExecutionListener, org.springframework.boot.test.autoconfigure.web.client.MockRestServiceServerResetTestExecutionListener, org.springframework.boot.test.autoconfigure.web.servlet.MockMvcPrintOnlyOnFailureTestExecutionListener, org.springframework.boot.test.autoconfigure.web.servlet.WebDriverTestExecutionListener, org.springframework.test.context.web.ServletTestExecutionListener, org.springframework.test.context.support.DirtiesContextBeforeModesTestExecutionListener, org.springframework.test.context.support.DependencyInjectionTestExecutionListener, org.springframework.test.context.support.DirtiesContextTestExecutionListener, org.springframework.test.context.transaction.TransactionalTestExecutionListener, org.springframework.test.context.jdbc.SqlScriptsTestExecutionListener]
2018-11-20 18:09:23.366  INFO 39232 --- [           main] .b.t.c.SpringBootTestContextBootstrapper : Using TestExecutionListeners: [org.springframework.test.context.web.ServletTestExecutionListener@7977f046, org.springframework.test.context.support.DirtiesContextBeforeModesTestExecutionListener@6ec98ccc, org.springframework.boot.test.mock.mockito.MockitoTestExecutionListener@441aa7ae, org.springframework.boot.test.autoconfigure.SpringBootDependencyInjectionTestExecutionListener@1534bdc6, org.springframework.test.context.support.DirtiesContextTestExecutionListener@53079ae6, org.springframework.test.context.transaction.TransactionalTestExecutionListener@718ad3a6, org.springframework.test.context.jdbc.SqlScriptsTestExecutionListener@603c2dee, org.springframework.boot.test.mock.mockito.ResetMocksTestExecutionListener@50d666a2, org.springframework.boot.test.autoconfigure.restdocs.RestDocsTestExecutionListener@3f6906f4, org.springframework.boot.test.autoconfigure.web.client.MockRestServiceServerResetTestExecutionListener@1859e55c, org.springframework.boot.test.autoconfigure.web.servlet.MockMvcPrintOnlyOnFailureTestExecutionListener@190bf8e4, org.springframework.boot.test.autoconfigure.web.servlet.WebDriverTestExecutionListener@7a8b7e11]
2018-11-20 18:09:23.379  INFO 39232 --- [           main] o.s.t.c.transaction.TransactionContext   : Began transaction (1) for test context [DefaultTestContext@36ecf9f6 testClass = WorkflowRecordServiceImplTest, testInstance = com.wslint.wisdomreport.service.workflow.impl.WorkflowRecordServiceImplTest@104bc677, testMethod = doWorkflow@WorkflowRecordServiceImplTest, testException = [null], mergedContextConfiguration = [WebMergedContextConfiguration@3bda1f0 testClass = WorkflowRecordServiceImplTest, locations = '{}', classes = '{class com.wslint.wisdomreport.WisdomReportApplication}', contextInitializerClasses = '[]', activeProfiles = '{}', propertySourceLocations = '{}', propertySourceProperties = '{org.springframework.boot.test.context.SpringBootTestContextBootstrapper=true}', contextCustomizers = set[org.springframework.boot.test.context.filter.ExcludeFilterContextCustomizer@2f7c2f4f, org.springframework.boot.test.json.DuplicateJsonObjectContextCustomizerFactory$DuplicateJsonObjectContextCustomizer@36c88a32, org.springframework.boot.test.mock.mockito.MockitoContextCustomizer@0, org.springframework.boot.test.web.client.TestRestTemplateContextCustomizer@3e2e18f2, org.springframework.boot.test.autoconfigure.properties.PropertyMappingContextCustomizer@0, org.springframework.boot.test.autoconfigure.web.servlet.WebDriverContextCustomizerFactory$Customizer@6a400542], resourceBasePath = 'src/main/webapp', contextLoader = 'org.springframework.boot.test.context.SpringBootContextLoader', parent = [null]], attributes = map['org.springframework.test.context.web.ServletTestExecutionListener.activateListener' -> true, 'org.springframework.test.context.web.ServletTestExecutionListener.populatedRequestContextHolder' -> true, 'org.springframework.test.context.web.ServletTestExecutionListener.resetRequestContextHolder' -> true]]; transaction manager [org.springframework.jdbc.datasource.DataSourceTransactionManager@74b97416]; rollback [true]
2018-11-20 18:09:23.380  INFO 39232 --- [           main] o.s.b.t.m.w.SpringBootMockServletContext : Initializing Spring FrameworkServlet ''
2018-11-20 18:09:23.380  INFO 39232 --- [           main] o.s.t.web.servlet.TestDispatcherServlet  : FrameworkServlet '': initialization started
2018-11-20 18:09:23.383  INFO 39232 --- [           main] o.s.t.web.servlet.TestDispatcherServlet  : FrameworkServlet '': initialization completed in 2 ms
2018-11-20 18:09:23.383  INFO 39232 --- [           main] c.w.wisdomreport.config.WslShiroRealm    : ------------------ 用户认证 start ------------------
2018-11-20 18:09:23.384  INFO 39232 --- [           main] c.w.wisdomreport.config.WslShiroRealm    : ------------------ admin 用户认证 ------------------
2018-11-20 18:09:23.384 DEBUG 39232 --- [           main] c.w.w.dao.user.UserDao.gerUserByCode     : ==>  Preparing: select * from user where user_code = ? 
2018-11-20 18:09:23.384 DEBUG 39232 --- [           main] c.w.w.dao.user.UserDao.gerUserByCode     : ==> Parameters: admin(String)
2018-11-20 18:09:23.385 DEBUG 39232 --- [           main] c.w.w.dao.user.UserDao.gerUserByCode     : <==      Total: 1
2018-11-20 18:09:23.385 DEBUG 39232 --- [           main] c.w.w.dao.user.UserDao.getRolesByUserId  : ==>  Preparing: select r.* from role r, user_role ur where r.id = ur.role_id and ur.user_id = ? 
2018-11-20 18:09:23.385 DEBUG 39232 --- [           main] c.w.w.dao.user.UserDao.getRolesByUserId  : ==> Parameters: 0(Long)
2018-11-20 18:09:23.385 DEBUG 39232 --- [           main] c.w.w.dao.user.UserDao.getRolesByUserId  : <==      Total: 1
2018-11-20 18:09:23.385 DEBUG 39232 --- [           main] c.w.w.d.u.R.getPermissionsByRoleId       : ==>  Preparing: select p.* from permission p, role_permission rp where p.id = rp.permission_id and rp.role_id = ? 
2018-11-20 18:09:23.385 DEBUG 39232 --- [           main] c.w.w.d.u.R.getPermissionsByRoleId       : ==> Parameters: 0(Long)
2018-11-20 18:09:23.385 DEBUG 39232 --- [           main] c.w.w.d.u.R.getPermissionsByRoleId       : <==      Total: 1
2018-11-20 18:09:23.386  INFO 39232 --- [           main] c.w.wisdomreport.config.WslShiroRealm    : ------------------ 用户认证 end ------------------
2018-11-20 18:09:23.452 DEBUG 39232 --- [           main] c.w.w.d.data.DataRecordDao.insertRecord  : ==>  Preparing: insert into data_record(id, order_id, class_id, batch_id, data, img_url, status, next_operator, gmt_create, gmt_modified, create_user, modify_user) values (?, ?, ?, ?, ?, ?, ?, ?, ?, ?, ?, ?) 
2018-11-20 18:09:23.452 DEBUG 39232 --- [           main] c.w.w.d.data.DataRecordDao.insertRecord  : ==> Parameters: 1000001(Long), -1(Long), -1(Long), -1(Long), 101_old_data(String), (String), 0(Integer), null, 2018-11-20 18:09:23.452(Timestamp), 2018-11-20 18:09:23.452(Timestamp), 0(Long), 0(Long)
2018-11-20 18:09:23.454 DEBUG 39232 --- [           main] c.w.w.d.data.DataRecordDao.insertRecord  : <==    Updates: 1
2018-11-20 18:09:23.454 DEBUG 39232 --- [           main] c.w.w.d.data.DataRecordDao.insertRecord  : ==>  Preparing: insert into data_record(id, order_id, class_id, batch_id, data, img_url, status, next_operator, gmt_create, gmt_modified, create_user, modify_user) values (?, ?, ?, ?, ?, ?, ?, ?, ?, ?, ?, ?) 
2018-11-20 18:09:23.454 DEBUG 39232 --- [           main] c.w.w.d.data.DataRecordDao.insertRecord  : ==> Parameters: 1000002(Long), -1(Long), -1(Long), -1(Long), 102_old_data(String), (String), 0(Integer), null, 2018-11-20 18:09:23.454(Timestamp), 2018-11-20 18:09:23.454(Timestamp), 0(Long), 0(Long)
2018-11-20 18:09:23.455 DEBUG 39232 --- [           main] c.w.w.d.data.DataRecordDao.insertRecord  : <==    Updates: 1
2018-11-20 18:09:23.455 DEBUG 39232 --- [           main] c.w.w.d.data.DataRecordDao.insertRecord  : ==>  Preparing: insert into data_record(id, order_id, class_id, batch_id, data, img_url, status, next_operator, gmt_create, gmt_modified, create_user, modify_user) values (?, ?, ?, ?, ?, ?, ?, ?, ?, ?, ?, ?) 
2018-11-20 18:09:23.455 DEBUG 39232 --- [           main] c.w.w.d.data.DataRecordDao.insertRecord  : ==> Parameters: 2000001(Long), -1(Long), -1(Long), -1(Long), 201_old_data(String), (String), 1(Integer), null, 2018-11-20 18:09:23.455(Timestamp), 2018-11-20 18:09:23.455(Timestamp), 0(Long), 0(Long)
2018-11-20 18:09:23.456 DEBUG 39232 --- [           main] c.w.w.d.data.DataRecordDao.insertRecord  : <==    Updates: 1
2018-11-20 18:09:23.456 DEBUG 39232 --- [           main] c.w.w.d.data.DataRecordDao.insertRecord  : ==>  Preparing: insert into data_record(id, order_id, class_id, batch_id, data, img_url, status, next_operator, gmt_create, gmt_modified, create_user, modify_user) values (?, ?, ?, ?, ?, ?, ?, ?, ?, ?, ?, ?) 
2018-11-20 18:09:23.456 DEBUG 39232 --- [           main] c.w.w.d.data.DataRecordDao.insertRecord  : ==> Parameters: 2000002(Long), -1(Long), -1(Long), -1(Long), 202_old_data(String), (String), 1(Integer), null, 2018-11-20 18:09:23.456(Timestamp), 2018-11-20 18:09:23.456(Timestamp), 0(Long), 0(Long)
2018-11-20 18:09:23.457 DEBUG 39232 --- [           main] c.w.w.d.data.DataRecordDao.insertRecord  : <==    Updates: 1
2018-11-20 18:09:23.457 DEBUG 39232 --- [           main] c.w.w.d.data.DataRecordDao.insertRecord  : ==>  Preparing: insert into data_record(id, order_id, class_id, batch_id, data, img_url, status, next_operator, gmt_create, gmt_modified, create_user, modify_user) values (?, ?, ?, ?, ?, ?, ?, ?, ?, ?, ?, ?) 
2018-11-20 18:09:23.457 DEBUG 39232 --- [           main] c.w.w.d.data.DataRecordDao.insertRecord  : ==> Parameters: 3000001(Long), -1(Long), -1(Long), -1(Long), 301_old_data(String), (String), 1(Integer), null, 2018-11-20 18:09:23.457(Timestamp), 2018-11-20 18:09:23.457(Timestamp), 0(Long), 0(Long)
2018-11-20 18:09:23.458 DEBUG 39232 --- [           main] c.w.w.d.data.DataRecordDao.insertRecord  : <==    Updates: 1
2018-11-20 18:09:23.458 DEBUG 39232 --- [           main] c.w.w.d.data.DataRecordDao.insertRecord  : ==>  Preparing: insert into data_record(id, order_id, class_id, batch_id, data, img_url, status, next_operator, gmt_create, gmt_modified, create_user, modify_user) values (?, ?, ?, ?, ?, ?, ?, ?, ?, ?, ?, ?) 
2018-11-20 18:09:23.458 DEBUG 39232 --- [           main] c.w.w.d.data.DataRecordDao.insertRecord  : ==> Parameters: 3000002(Long), -1(Long), -1(Long), -1(Long), 302_old_data(String), (String), 1(Integer), null, 2018-11-20 18:09:23.458(Timestamp), 2018-11-20 18:09:23.458(Timestamp), 0(Long), 0(Long)
2018-11-20 18:09:23.458 DEBUG 39232 --- [           main] c.w.w.d.data.DataRecordDao.insertRecord  : <==    Updates: 1
2018-11-20 18:09:23.459 DEBUG 39232 --- [           main] c.w.w.d.data.DataRecordDao.insertRecord  : ==>  Preparing: insert into data_record(id, order_id, class_id, batch_id, data, img_url, status, next_operator, gmt_create, gmt_modified, create_user, modify_user) values (?, ?, ?, ?, ?, ?, ?, ?, ?, ?, ?, ?) 
2018-11-20 18:09:23.459 DEBUG 39232 --- [           main] c.w.w.d.data.DataRecordDao.insertRecord  : ==> Parameters: 4000001(Long), -1(Long), -1(Long), -1(Long), 401_old_data(String), (String), 2(Integer), 0(Long), 2018-11-20 18:09:23.458(Timestamp), 2018-11-20 18:09:23.458(Timestamp), 0(Long), 0(Long)
2018-11-20 18:09:23.459 DEBUG 39232 --- [           main] c.w.w.d.data.DataRecordDao.insertRecord  : <==    Updates: 1
2018-11-20 18:09:23.459 DEBUG 39232 --- [           main] c.w.w.d.data.DataRecordDao.insertRecord  : ==>  Preparing: insert into data_record(id, order_id, class_id, batch_id, data, img_url, status, next_operator, gmt_create, gmt_modified, create_user, modify_user) values (?, ?, ?, ?, ?, ?, ?, ?, ?, ?, ?, ?) 
2018-11-20 18:09:23.460 DEBUG 39232 --- [           main] c.w.w.d.data.DataRecordDao.insertRecord  : ==> Parameters: 4000002(Long), -1(Long), -1(Long), -1(Long), 402_old_data(String), (String), 2(Integer), 0(Long), 2018-11-20 18:09:23.459(Timestamp), 2018-11-20 18:09:23.459(Timestamp), 0(Long), 0(Long)
2018-11-20 18:09:23.460 DEBUG 39232 --- [           main] c.w.w.d.data.DataRecordDao.insertRecord  : <==    Updates: 1
2018-11-20 18:09:23.460 DEBUG 39232 --- [           main] c.w.w.d.data.DataRecordDao.insertRecord  : ==>  Preparing: insert into data_record(id, order_id, class_id, batch_id, data, img_url, status, next_operator, gmt_create, gmt_modified, create_user, modify_user) values (?, ?, ?, ?, ?, ?, ?, ?, ?, ?, ?, ?) 
2018-11-20 18:09:23.460 DEBUG 39232 --- [           main] c.w.w.d.data.DataRecordDao.insertRecord  : ==> Parameters: 5000001(Long), -1(Long), -1(Long), -1(Long), 501_old_data(String), (String), 3(Integer), null, 2018-11-20 18:09:23.46(Timestamp), 2018-11-20 18:09:23.46(Timestamp), 0(Long), 0(Long)
2018-11-20 18:09:23.461 DEBUG 39232 --- [           main] c.w.w.d.data.DataRecordDao.insertRecord  : <==    Updates: 1
2018-11-20 18:09:23.461 DEBUG 39232 --- [           main] c.w.w.d.data.DataRecordDao.insertRecord  : ==>  Preparing: insert into data_record(id, order_id, class_id, batch_id, data, img_url, status, next_operator, gmt_create, gmt_modified, create_user, modify_user) values (?, ?, ?, ?, ?, ?, ?, ?, ?, ?, ?, ?) 
2018-11-20 18:09:23.461 DEBUG 39232 --- [           main] c.w.w.d.data.DataRecordDao.insertRecord  : ==> Parameters: 5000002(Long), -1(Long), -1(Long), -1(Long), 502_old_data(String), (String), 3(Integer), null, 2018-11-20 18:09:23.461(Timestamp), 2018-11-20 18:09:23.461(Timestamp), 0(Long), 0(Long)
2018-11-20 18:09:23.462 DEBUG 39232 --- [           main] c.w.w.d.data.DataRecordDao.insertRecord  : <==    Updates: 1
2018-11-20 18:09:23.462 DEBUG 39232 --- [           main] c.w.w.d.data.DataRecordDao.insertRecord  : ==>  Preparing: insert into data_record(id, order_id, class_id, batch_id, data, img_url, status, next_operator, gmt_create, gmt_modified, create_user, modify_user) values (?, ?, ?, ?, ?, ?, ?, ?, ?, ?, ?, ?) 
2018-11-20 18:09:23.462 DEBUG 39232 --- [           main] c.w.w.d.data.DataRecordDao.insertRecord  : ==> Parameters: 6000001(Long), -1(Long), -1(Long), -1(Long), 601_old_data(String), (String), 2(Integer), 0(Long), 2018-11-20 18:09:23.462(Timestamp), 2018-11-20 18:09:23.462(Timestamp), 0(Long), 0(Long)
2018-11-20 18:09:23.463 DEBUG 39232 --- [           main] c.w.w.d.data.DataRecordDao.insertRecord  : <==    Updates: 1
2018-11-20 18:09:23.463 DEBUG 39232 --- [           main] c.w.w.d.data.DataRecordDao.insertRecord  : ==>  Preparing: insert into data_record(id, order_id, class_id, batch_id, data, img_url, status, next_operator, gmt_create, gmt_modified, create_user, modify_user) values (?, ?, ?, ?, ?, ?, ?, ?, ?, ?, ?, ?) 
2018-11-20 18:09:23.463 DEBUG 39232 --- [           main] c.w.w.d.data.DataRecordDao.insertRecord  : ==> Parameters: 6000002(Long), -1(Long), -1(Long), -1(Long), 602_old_data(String), (String), 2(Integer), 0(Long), 2018-11-20 18:09:23.463(Timestamp), 2018-11-20 18:09:23.463(Timestamp), 0(Long), 0(Long)
2018-11-20 18:09:23.463 DEBUG 39232 --- [           main] c.w.w.d.data.DataRecordDao.insertRecord  : <==    Updates: 1
2018-11-20 18:09:23.463 DEBUG 39232 --- [           main] c.w.w.d.data.DataRecordDao.insertRecord  : ==>  Preparing: insert into data_record(id, order_id, class_id, batch_id, data, img_url, status, next_operator, gmt_create, gmt_modified, create_user, modify_user) values (?, ?, ?, ?, ?, ?, ?, ?, ?, ?, ?, ?) 
2018-11-20 18:09:23.464 DEBUG 39232 --- [           main] c.w.w.d.data.DataRecordDao.insertRecord  : ==> Parameters: 7000001(Long), -1(Long), -1(Long), -1(Long), 701_old_data(String), (String), 1(Integer), null, 2018-11-20 18:09:23.463(Timestamp), 2018-11-20 18:09:23.463(Timestamp), 0(Long), 0(Long)
2018-11-20 18:09:23.464 DEBUG 39232 --- [           main] c.w.w.d.data.DataRecordDao.insertRecord  : <==    Updates: 1
2018-11-20 18:09:23.464 DEBUG 39232 --- [           main] c.w.w.d.data.DataRecordDao.insertRecord  : ==>  Preparing: insert into data_record(id, order_id, class_id, batch_id, data, img_url, status, next_operator, gmt_create, gmt_modified, create_user, modify_user) values (?, ?, ?, ?, ?, ?, ?, ?, ?, ?, ?, ?) 
2018-11-20 18:09:23.464 DEBUG 39232 --- [           main] c.w.w.d.data.DataRecordDao.insertRecord  : ==> Parameters: 7000002(Long), -1(Long), -1(Long), -1(Long), 702_old_data(String), (String), 1(Integer), null, 2018-11-20 18:09:23.464(Timestamp), 2018-11-20 18:09:23.464(Timestamp), 0(Long), 0(Long)
2018-11-20 18:09:23.465 DEBUG 39232 --- [           main] c.w.w.d.data.DataRecordDao.insertRecord  : <==    Updates: 1
2018-11-20 18:09:23.465 DEBUG 39232 --- [           main] c.w.w.d.data.DataRecordDao.insertRecord  : ==>  Preparing: insert into data_record(id, order_id, class_id, batch_id, data, img_url, status, next_operator, gmt_create, gmt_modified, create_user, modify_user) values (?, ?, ?, ?, ?, ?, ?, ?, ?, ?, ?, ?) 
2018-11-20 18:09:23.465 DEBUG 39232 --- [           main] c.w.w.d.data.DataRecordDao.insertRecord  : ==> Parameters: 11000001(Long), -1(Long), -1(Long), -1(Long), 111_old_data(String), (String), 3(Integer), null, 2018-11-20 18:09:23.465(Timestamp), 2018-11-20 18:09:23.465(Timestamp), 0(Long), 0(Long)
2018-11-20 18:09:23.466 DEBUG 39232 --- [           main] c.w.w.d.data.DataRecordDao.insertRecord  : <==    Updates: 1
2018-11-20 18:09:23.466 DEBUG 39232 --- [           main] c.w.w.d.data.DataRecordDao.insertRecord  : ==>  Preparing: insert into data_record(id, order_id, class_id, batch_id, data, img_url, status, next_operator, gmt_create, gmt_modified, create_user, modify_user) values (?, ?, ?, ?, ?, ?, ?, ?, ?, ?, ?, ?) 
2018-11-20 18:09:23.467 DEBUG 39232 --- [           main] c.w.w.d.data.DataRecordDao.insertRecord  : ==> Parameters: 11000002(Long), -1(Long), -1(Long), -1(Long), 112_old_data(String), (String), 3(Integer), null, 2018-11-20 18:09:23.466(Timestamp), 2018-11-20 18:09:23.466(Timestamp), 0(Long), 0(Long)
2018-11-20 18:09:23.468 DEBUG 39232 --- [           main] c.w.w.d.data.DataRecordDao.insertRecord  : <==    Updates: 1
2018-11-20 18:09:23.468 DEBUG 39232 --- [           main] c.w.w.d.data.DataRecordDao.insertRecord  : ==>  Preparing: insert into data_record(id, order_id, class_id, batch_id, data, img_url, status, next_operator, gmt_create, gmt_modified, create_user, modify_user) values (?, ?, ?, ?, ?, ?, ?, ?, ?, ?, ?, ?) 
2018-11-20 18:09:23.468 DEBUG 39232 --- [           main] c.w.w.d.data.DataRecordDao.insertRecord  : ==> Parameters: 12000001(Long), -1(Long), -1(Long), -1(Long), 121_old_data(String), (String), 4(Integer), 0(Long), 2018-11-20 18:09:23.468(Timestamp), 2018-11-20 18:09:23.468(Timestamp), 0(Long), 0(Long)
2018-11-20 18:09:23.469 DEBUG 39232 --- [           main] c.w.w.d.data.DataRecordDao.insertRecord  : <==    Updates: 1
2018-11-20 18:09:23.469 DEBUG 39232 --- [           main] c.w.w.d.data.DataRecordDao.insertRecord  : ==>  Preparing: insert into data_record(id, order_id, class_id, batch_id, data, img_url, status, next_operator, gmt_create, gmt_modified, create_user, modify_user) values (?, ?, ?, ?, ?, ?, ?, ?, ?, ?, ?, ?) 
2018-11-20 18:09:23.469 DEBUG 39232 --- [           main] c.w.w.d.data.DataRecordDao.insertRecord  : ==> Parameters: 12000002(Long), -1(Long), -1(Long), -1(Long), 122_old_data(String), (String), 4(Integer), 0(Long), 2018-11-20 18:09:23.469(Timestamp), 2018-11-20 18:09:23.469(Timestamp), 0(Long), 0(Long)
2018-11-20 18:09:23.470 DEBUG 39232 --- [           main] c.w.w.d.data.DataRecordDao.insertRecord  : <==    Updates: 1
2018-11-20 18:09:23.470 DEBUG 39232 --- [           main] c.w.w.d.data.DataRecordDao.insertRecord  : ==>  Preparing: insert into data_record(id, order_id, class_id, batch_id, data, img_url, status, next_operator, gmt_create, gmt_modified, create_user, modify_user) values (?, ?, ?, ?, ?, ?, ?, ?, ?, ?, ?, ?) 
2018-11-20 18:09:23.470 DEBUG 39232 --- [           main] c.w.w.d.data.DataRecordDao.insertRecord  : ==> Parameters: 13000001(Long), -1(Long), -1(Long), -1(Long), 131_old_data(String), (String), 4(Integer), 0(Long), 2018-11-20 18:09:23.47(Timestamp), 2018-11-20 18:09:23.47(Timestamp), 0(Long), 0(Long)
2018-11-20 18:09:23.471 DEBUG 39232 --- [           main] c.w.w.d.data.DataRecordDao.insertRecord  : <==    Updates: 1
2018-11-20 18:09:23.471 DEBUG 39232 --- [           main] c.w.w.d.data.DataRecordDao.insertRecord  : ==>  Preparing: insert into data_record(id, order_id, class_id, batch_id, data, img_url, status, next_operator, gmt_create, gmt_modified, create_user, modify_user) values (?, ?, ?, ?, ?, ?, ?, ?, ?, ?, ?, ?) 
2018-11-20 18:09:23.471 DEBUG 39232 --- [           main] c.w.w.d.data.DataRecordDao.insertRecord  : ==> Parameters: 13000002(Long), -1(Long), -1(Long), -1(Long), 132_old_data(String), (String), 4(Integer), 0(Long), 2018-11-20 18:09:23.471(Timestamp), 2018-11-20 18:09:23.471(Timestamp), 0(Long), 0(Long)
2018-11-20 18:09:23.471 DEBUG 39232 --- [           main] c.w.w.d.data.DataRecordDao.insertRecord  : <==    Updates: 1
2018-11-20 18:09:23.477 DEBUG 39232 --- [           main] c.w.w.d.d.D.getRecordsByRecordIds        : ==>  Preparing: select * from data_record where id in ( ? , ? , ? , ? , ? , ? , ? , ? , ? , ? , ? , ? , ? , ? , ? , ? , ? , ? , ? , ? ) 
2018-11-20 18:09:23.478 DEBUG 39232 --- [           main] c.w.w.d.d.D.getRecordsByRecordIds        : ==> Parameters: 1000001(Long), 1000002(Long), 2000001(Long), 2000002(Long), 3000001(Long), 3000002(Long), 4000001(Long), 4000002(Long), 5000001(Long), 5000002(Long), 6000001(Long), 6000002(Long), 7000001(Long), 7000002(Long), 11000001(Long), 11000002(Long), 12000001(Long), 12000002(Long), 13000001(Long), 13000002(Long)
2018-11-20 18:09:23.481 DEBUG 39232 --- [           main] c.w.w.d.d.D.getRecordsByRecordIds        : <==      Total: 20
2018-11-20 18:09:23.482  INFO 39232 --- [           main] c.w.w.s.w.i.WorkflowRecordServiceImpl    : 记录工作流开始, 操作人: admin-系统管理员 
2018-11-20 18:09:23.483  INFO 39232 --- [           main] c.w.w.s.w.i.WorkflowRecordServiceImpl    :  -- 保存记录 数据 2 条
2018-11-20 18:09:23.483  INFO 39232 --- [           main] c.w.w.s.w.i.WorkflowRecordServiceImpl    :  -- 发起复核 数据 2 条
2018-11-20 18:09:23.483  INFO 39232 --- [           main] c.w.w.s.w.i.WorkflowRecordServiceImpl    :  -- 现场复核 数据 2 条
2018-11-20 18:09:23.483  INFO 39232 --- [           main] c.w.w.s.w.i.WorkflowRecordServiceImpl    :  -- 复核通过 数据 2 条
2018-11-20 18:09:23.483  INFO 39232 --- [           main] c.w.w.s.w.i.WorkflowRecordServiceImpl    :  -- 流程完成 数据 2 条
2018-11-20 18:09:23.483  INFO 39232 --- [           main] c.w.w.s.w.i.WorkflowRecordServiceImpl    :  -- 复核驳回 数据 2 条
2018-11-20 18:09:23.483  INFO 39232 --- [           main] c.w.w.s.w.i.WorkflowRecordServiceImpl    :  -- 修改记录 数据 2 条
2018-11-20 18:09:23.483  INFO 39232 --- [           main] c.w.w.s.w.i.WorkflowRecordServiceImpl    :  -- 发起修改 数据 2 条
2018-11-20 18:09:23.483  INFO 39232 --- [           main] c.w.w.s.w.i.WorkflowRecordServiceImpl    :  -- 同意修改 数据 2 条
2018-11-20 18:09:23.483  INFO 39232 --- [           main] c.w.w.s.w.i.WorkflowRecordServiceImpl    :  -- 驳回修改 数据 2 条
2018-11-20 18:09:23.485 DEBUG 39232 --- [           main] c.w.w.d.w.W.batchInsertWorkflowTask      : ==>  Preparing: insert into wf_record_current_task (id, record_id, operation, operator, next_operator, reason, old_data, status, next_status, hold1, hold2, hold3, gmt_create, gmt_modified) values (?, ?, ?, ?, ?, ?, ?, ?, ?, ?, ?, ?, ?, ?) , (?, ?, ?, ?, ?, ?, ?, ?, ?, ?, ?, ?, ?, ?) , (?, ?, ?, ?, ?, ?, ?, ?, ?, ?, ?, ?, ?, ?) , (?, ?, ?, ?, ?, ?, ?, ?, ?, ?, ?, ?, ?, ?) , (?, ?, ?, ?, ?, ?, ?, ?, ?, ?, ?, ?, ?, ?) , (?, ?, ?, ?, ?, ?, ?, ?, ?, ?, ?, ?, ?, ?) , (?, ?, ?, ?, ?, ?, ?, ?, ?, ?, ?, ?, ?, ?) , (?, ?, ?, ?, ?, ?, ?, ?, ?, ?, ?, ?, ?, ?) , (?, ?, ?, ?, ?, ?, ?, ?, ?, ?, ?, ?, ?, ?) , (?, ?, ?, ?, ?, ?, ?, ?, ?, ?, ?, ?, ?, ?) , (?, ?, ?, ?, ?, ?, ?, ?, ?, ?, ?, ?, ?, ?) , (?, ?, ?, ?, ?, ?, ?, ?, ?, ?, ?, ?, ?, ?) , (?, ?, ?, ?, ?, ?, ?, ?, ?, ?, ?, ?, ?, ?) , (?, ?, ?, ?, ?, ?, ?, ?, ?, ?, ?, ?, ?, ?) , (?, ?, ?, ?, ?, ?, ?, ?, ?, ?, ?, ?, ?, ?) , (?, ?, ?, ?, ?, ?, ?, ?, ?, ?, ?, ?, ?, ?) , (?, ?, ?, ?, ?, ?, ?, ?, ?, ?, ?, ?, ?, ?) , (?, ?, ?, ?, ?, ?, ?, ?, ?, ?, ?, ?, ?, ?) , (?, ?, ?, ?, ?, ?, ?, ?, ?, ?, ?, ?, ?, ?) , (?, ?, ?, ?, ?, ?, ?, ?, ?, ?, ?, ?, ?, ?) 
2018-11-20 18:09:23.634 DEBUG 39232 --- [           main] c.w.w.d.w.W.batchInsertWorkflowTask      : ==> Parameters: 514502535600541696(Long), 1000001(Long), 1(Integer), 0(Long), null, test(String), 101_old_data(String), 0(Integer), 1(Integer), null, null, null, 2018-11-20 18:09:23.482(Timestamp), 2018-11-20 18:09:23.482(Timestamp), 514502535600541697(Long), 1000002(Long), 1(Integer), 0(Long), null, test(String), 102_old_data(String), 0(Integer), 1(Integer), null, null, null, 2018-11-20 18:09:23.482(Timestamp), 2018-11-20 18:09:23.482(Timestamp), 514502535600541698(Long), 2000001(Long), 2(Integer), 0(Long), 0(Long), test(String), 201_old_data(String), 1(Integer), 2(Integer), null, null, null, 2018-11-20 18:09:23.482(Timestamp), 2018-11-20 18:09:23.482(Timestamp), 514502535600541699(Long), 2000002(Long), 2(Integer), 0(Long), 0(Long), test(String), 202_old_data(String), 1(Integer), 2(Integer), null, null, null, 2018-11-20 18:09:23.482(Timestamp), 2018-11-20 18:09:23.482(Timestamp), 514502535600541700(Long), 3000001(Long), 3(Integer), 0(Long), null, test(String), 301_old_data(String), 1(Integer), 3(Integer), null, null, null, 2018-11-20 18:09:23.482(Timestamp), 2018-11-20 18:09:23.482(Timestamp), 514502535600541701(Long), 3000002(Long), 3(Integer), 0(Long), null, test(String), 302_old_data(String), 1(Integer), 3(Integer), null, null, null, 2018-11-20 18:09:23.482(Timestamp), 2018-11-20 18:09:23.482(Timestamp), 514502535600541702(Long), 4000001(Long), 4(Integer), 0(Long), null, test(String), 401_old_data(String), 2(Integer), 3(Integer), null, null, null, 2018-11-20 18:09:23.482(Timestamp), 2018-11-20 18:09:23.482(Timestamp), 514502535600541703(Long), 4000002(Long), 4(Integer), 0(Long), null, test(String), 402_old_data(String), 2(Integer), 3(Integer), null, null, null, 2018-11-20 18:09:23.482(Timestamp), 2018-11-20 18:09:23.482(Timestamp), 514502535600541704(Long), 5000001(Long), 5(Integer), 0(Long), null, test(String), 501_old_data(String), 3(Integer), 9(Integer), null, null, null, 2018-11-20 18:09:23.482(Timestamp), 2018-11-20 18:09:23.482(Timestamp), 514502535600541705(Long), 5000002(Long), 5(Integer), 0(Long), null, test(String), 502_old_data(String), 3(Integer), 9(Integer), null, null, null, 2018-11-20 18:09:23.482(Timestamp), 2018-11-20 18:09:23.482(Timestamp), 514502535600541706(Long), 6000001(Long), 6(Integer), 0(Long), null, test(String), 601_old_data(String), 2(Integer), 1(Integer), null, null, null, 2018-11-20 18:09:23.482(Timestamp), 2018-11-20 18:09:23.482(Timestamp), 514502535600541707(Long), 6000002(Long), 6(Integer), 0(Long), null, test(String), 602_old_data(String), 2(Integer), 1(Integer), null, null, null, 2018-11-20 18:09:23.482(Timestamp), 2018-11-20 18:09:23.482(Timestamp), 514502535600541708(Long), 7000001(Long), 7(Integer), 0(Long), null, test(String), 701_old_data(String), 1(Integer), 1(Integer), null, null, null, 2018-11-20 18:09:23.482(Timestamp), 2018-11-20 18:09:23.482(Timestamp), 514502535600541709(Long), 7000002(Long), 7(Integer), 0(Long), null, test(String), 702_old_data(String), 1(Integer), 1(Integer), null, null, null, 2018-11-20 18:09:23.482(Timestamp), 2018-11-20 18:09:23.482(Timestamp), 514502535600541710(Long), 11000001(Long), 11(Integer), 0(Long), 0(Long), test(String), 111_old_data(String), 3(Integer), 4(Integer), null, null, null, 2018-11-20 18:09:23.482(Timestamp), 2018-11-20 18:09:23.482(Timestamp), 514502535600541711(Long), 11000002(Long), 11(Integer), 0(Long), 0(Long), test(String), 112_old_data(String), 3(Integer), 4(Integer), null, null, null, 2018-11-20 18:09:23.482(Timestamp), 2018-11-20 18:09:23.482(Timestamp), 514502535600541712(Long), 12000001(Long), 12(Integer), 0(Long), null, test(String), 121_old_data(String), 4(Integer), 1(Integer), null, null, null, 2018-11-20 18:09:23.482(Timestamp), 2018-11-20 18:09:23.482(Timestamp), 514502535600541713(Long), 12000002(Long), 12(Integer), 0(Long), null, test(String), 122_old_data(String), 4(Integer), 1(Integer), null, null, null, 2018-11-20 18:09:23.482(Timestamp), 2018-11-20 18:09:23.482(Timestamp), 514502535600541714(Long), 13000001(Long), 13(Integer), 0(Long), null, test(String), 131_old_data(String), 4(Integer), 3(Integer), null, null, null, 2018-11-20 18:09:23.482(Timestamp), 2018-11-20 18:09:23.482(Timestamp), 514502535600541715(Long), 13000002(Long), 13(Integer), 0(Long), null, test(String), 132_old_data(String), 4(Integer), 3(Integer), null, null, null, 2018-11-20 18:09:23.482(Timestamp), 2018-11-20 18:09:23.482(Timestamp)
2018-11-20 18:09:23.636 DEBUG 39232 --- [           main] c.w.w.d.w.W.batchInsertWorkflowTask      : <==    Updates: 20
2018-11-20 18:09:23.637 DEBUG 39232 --- [           main] c.w.w.d.d.D.batchUpdateRecordData        : ==>  Preparing: update data_record set data = ?, status = ?, next_operator = ?, modify_user = ?, gmt_modified = ? where id = ? ; update data_record set data = ?, status = ?, next_operator = ?, modify_user = ?, gmt_modified = ? where id = ? ; update data_record set data = ?, status = ?, next_operator = ?, modify_user = ?, gmt_modified = ? where id = ? ; update data_record set data = ?, status = ?, next_operator = ?, modify_user = ?, gmt_modified = ? where id = ? ; update data_record set data = ?, status = ?, next_operator = ?, modify_user = ?, gmt_modified = ? where id = ? ; update data_record set data = ?, status = ?, next_operator = ?, modify_user = ?, gmt_modified = ? where id = ? ; update data_record set data = ?, status = ?, next_operator = ?, modify_user = ?, gmt_modified = ? where id = ? ; update data_record set data = ?, status = ?, next_operator = ?, modify_user = ?, gmt_modified = ? where id = ? ; update data_record set data = ?, status = ?, next_operator = ?, modify_user = ?, gmt_modified = ? where id = ? ; update data_record set data = ?, status = ?, next_operator = ?, modify_user = ?, gmt_modified = ? where id = ? ; update data_record set data = ?, status = ?, next_operator = ?, modify_user = ?, gmt_modified = ? where id = ? ; update data_record set data = ?, status = ?, next_operator = ?, modify_user = ?, gmt_modified = ? where id = ? ; update data_record set data = ?, status = ?, next_operator = ?, modify_user = ?, gmt_modified = ? where id = ? ; update data_record set data = ?, status = ?, next_operator = ?, modify_user = ?, gmt_modified = ? where id = ? ; update data_record set data = ?, status = ?, next_operator = ?, modify_user = ?, gmt_modified = ? where id = ? ; update data_record set data = ?, status = ?, next_operator = ?, modify_user = ?, gmt_modified = ? where id = ? ; update data_record set data = ?, status = ?, next_operator = ?, modify_user = ?, gmt_modified = ? where id = ? ; update data_record set data = ?, status = ?, next_operator = ?, modify_user = ?, gmt_modified = ? where id = ? ; update data_record set data = ?, status = ?, next_operator = ?, modify_user = ?, gmt_modified = ? where id = ? ; update data_record set data = ?, status = ?, next_operator = ?, modify_user = ?, gmt_modified = ? where id = ? 
2018-11-20 18:09:23.637 DEBUG 39232 --- [           main] c.w.w.d.d.D.batchUpdateRecordData        : ==> Parameters: 101_old_data(String), 1(Integer), null, 0(Long), 2018-11-20 18:09:23.482(Timestamp), 1000001(Long), 102_old_data(String), 1(Integer), null, 0(Long), 2018-11-20 18:09:23.482(Timestamp), 1000002(Long), 201_old_data(String), 2(Integer), 0(Long), 0(Long), 2018-11-20 18:09:23.482(Timestamp), 2000001(Long), 202_old_data(String), 2(Integer), 0(Long), 0(Long), 2018-11-20 18:09:23.482(Timestamp), 2000002(Long), 301_old_data(String), 3(Integer), null, 0(Long), 2018-11-20 18:09:23.482(Timestamp), 3000001(Long), 302_old_data(String), 3(Integer), null, 0(Long), 2018-11-20 18:09:23.482(Timestamp), 3000002(Long), 401_old_data(String), 3(Integer), null, 0(Long), 2018-11-20 18:09:23.482(Timestamp), 4000001(Long), 402_old_data(String), 3(Integer), null, 0(Long), 2018-11-20 18:09:23.482(Timestamp), 4000002(Long), 501_old_data(String), 9(Integer), null, 0(Long), 2018-11-20 18:09:23.482(Timestamp), 5000001(Long), 502_old_data(String), 9(Integer), null, 0(Long), 2018-11-20 18:09:23.482(Timestamp), 5000002(Long), 601_old_data(String), 1(Integer), null, 0(Long), 2018-11-20 18:09:23.482(Timestamp), 6000001(Long), 602_old_data(String), 1(Integer), null, 0(Long), 2018-11-20 18:09:23.482(Timestamp), 6000002(Long), new_data(String), 1(Integer), null, 0(Long), 2018-11-20 18:09:23.482(Timestamp), 7000001(Long), new_data(String), 1(Integer), null, 0(Long), 2018-11-20 18:09:23.482(Timestamp), 7000002(Long), 111_old_data(String), 4(Integer), 0(Long), 0(Long), 2018-11-20 18:09:23.482(Timestamp), 11000001(Long), 112_old_data(String), 4(Integer), 0(Long), 0(Long), 2018-11-20 18:09:23.482(Timestamp), 11000002(Long), 121_old_data(String), 1(Integer), null, 0(Long), 2018-11-20 18:09:23.482(Timestamp), 12000001(Long), 122_old_data(String), 1(Integer), null, 0(Long), 2018-11-20 18:09:23.482(Timestamp), 12000002(Long), 131_old_data(String), 3(Integer), null, 0(Long), 2018-11-20 18:09:23.482(Timestamp), 13000001(Long), 132_old_data(String), 3(Integer), null, 0(Long), 2018-11-20 18:09:23.482(Timestamp), 13000002(Long)
2018-11-20 18:09:23.646  INFO 39232 --- [           main] o.s.t.c.transaction.TransactionContext   : Rolled back transaction for test: [DefaultTestContext@36ecf9f6 testClass = WorkflowRecordServiceImplTest, testInstance = com.wslint.wisdomreport.service.workflow.impl.WorkflowRecordServiceImplTest@104bc677, testMethod = doWorkflow@WorkflowRecordServiceImplTest, testException = org.springframework.jdbc.BadSqlGrammarException: 
### Error updating database.  Cause: com.mysql.jdbc.exceptions.jdbc4.MySQLSyntaxErrorException: You have an error in your SQL syntax; check the manual that corresponds to your MySQL server version for the right syntax to use near 'update data_record set  data = '102_old_data', status = 1, next_operator = null,' at line 1
### The error may involve com.wslint.wisdomreport.dao.data.DataRecordDao.batchUpdateRecordData-Inline
### The error occurred while setting parameters
### SQL: update data_record set  data = ?, status = ?, next_operator = ?,  modify_user = ?, gmt_modified = ?  where id = ?  ;  update data_record set  data = ?, status = ?, next_operator = ?,  modify_user = ?, gmt_modified = ?  where id = ?  ;  update data_record set  data = ?, status = ?, next_operator = ?,  modify_user = ?, gmt_modified = ?  where id = ?  ;  update data_record set  data = ?, status = ?, next_operator = ?,  modify_user = ?, gmt_modified = ?  where id = ?  ;  update data_record set  data = ?, status = ?, next_operator = ?,  modify_user = ?, gmt_modified = ?  where id = ?  ;  update data_record set  data = ?, status = ?, next_operator = ?,  modify_user = ?, gmt_modified = ?  where id = ?  ;  update data_record set  data = ?, status = ?, next_operator = ?,  modify_user = ?, gmt_modified = ?  where id = ?  ;  update data_record set  data = ?, status = ?, next_operator = ?,  modify_user = ?, gmt_modified = ?  where id = ?  ;  update data_record set  data = ?, status = ?, next_operator = ?,  modify_user = ?, gmt_modified = ?  where id = ?  ;  update data_record set  data = ?, status = ?, next_operator = ?,  modify_user = ?, gmt_modified = ?  where id = ?  ;  update data_record set  data = ?, status = ?, next_operator = ?,  modify_user = ?, gmt_modified = ?  where id = ?  ;  update data_record set  data = ?, status = ?, next_operator = ?,  modify_user = ?, gmt_modified = ?  where id = ?  ;  update data_record set  data = ?, status = ?, next_operator = ?,  modify_user = ?, gmt_modified = ?  where id = ?  ;  update data_record set  data = ?, status = ?, next_operator = ?,  modify_user = ?, gmt_modified = ?  where id = ?  ;  update data_record set  data = ?, status = ?, next_operator = ?,  modify_user = ?, gmt_modified = ?  where id = ?  ;  update data_record set  data = ?, status = ?, next_operator = ?,  modify_user = ?, gmt_modified = ?  where id = ?  ;  update data_record set  data = ?, status = ?, next_operator = ?,  modify_user = ?, gmt_modified = ?  where id = ?  ;  update data_record set  data = ?, status = ?, next_operator = ?,  modify_user = ?, gmt_modified = ?  where id = ?  ;  update data_record set  data = ?, status = ?, next_operator = ?,  modify_user = ?, gmt_modified = ?  where id = ?  ;  update data_record set  data = ?, status = ?, next_operator = ?,  modify_user = ?, gmt_modified = ?  where id = ?
### Cause: com.mysql.jdbc.exceptions.jdbc4.MySQLSyntaxErrorException: You have an error in your SQL syntax; check the manual that corresponds to your MySQL server version for the right syntax to use near 'update data_record set  data = '102_old_data', status = 1, next_operator = null,' at line 1
; bad SQL grammar []; nested exception is com.mysql.jdbc.exceptions.jdbc4.MySQLSyntaxErrorException: You have an error in your SQL syntax; check the manual that corresponds to your MySQL server version for the right syntax to use near 'update data_record set  data = '102_old_data', status = 1, next_operator = null,' at line 1, mergedContextConfiguration = [WebMergedContextConfiguration@3bda1f0 testClass = WorkflowRecordServiceImplTest, locations = '{}', classes = '{class com.wslint.wisdomreport.WisdomReportApplication}', contextInitializerClasses = '[]', activeProfiles = '{}', propertySourceLocations = '{}', propertySourceProperties = '{org.springframework.boot.test.context.SpringBootTestContextBootstrapper=true}', contextCustomizers = set[org.springframework.boot.test.context.filter.ExcludeFilterContextCustomizer@2f7c2f4f, org.springframework.boot.test.json.DuplicateJsonObjectContextCustomizerFactory$DuplicateJsonObjectContextCustomizer@36c88a32, org.springframework.boot.test.mock.mockito.MockitoContextCustomizer@0, org.springframework.boot.test.web.client.TestRestTemplateContextCustomizer@3e2e18f2, org.springframework.boot.test.autoconfigure.properties.PropertyMappingContextCustomizer@0, org.springframework.boot.test.autoconfigure.web.servlet.WebDriverContextCustomizerFactory$Customizer@6a400542], resourceBasePath = 'src/main/webapp', contextLoader = 'org.springframework.boot.test.context.SpringBootContextLoader', parent = [null]], attributes = map['org.springframework.test.context.web.ServletTestExecutionListener.activateListener' -> true, 'org.springframework.test.context.web.ServletTestExecutionListener.populatedRequestContextHolder' -> true, 'org.springframework.test.context.web.ServletTestExecutionListener.resetRequestContextHolder' -> true]]
]]></system-out>
  </testcase>
</testsuite>